<?xml version="1.0" encoding="utf-8"?><testsuites name="pytest tests"><testsuite name="pytest" errors="0" failures="0" skipped="0" tests="63" time="303.741" timestamp="2026-05-01T18:44:56.887241+00:00" hostname="agent-env-e2a935e2-0f11-4b4b-a488-71d6941800c2"><testcase classname="backend.tests.test_calls_signaling" name="test_signal_offer_stored_and_retrievable_with_from_user" time="7.388" /><testcase classname="backend.tests.test_calls_signaling" name="test_signal_answer_retrievable_by_recipient" time="4.308" /><testcase classname="backend.tests.test_calls_signaling" name="test_signal_candidate_retrievable" time="5.804" /><testcase classname="backend.tests.test_calls_signaling" name="test_signal_hangup_retrievable" time="5.768" /><testcase classname="backend.tests.test_calls_signaling" name="test_signals_sorted_by_created_at" time="8.014" /><testcase classname="backend.tests.test_calls_signaling" name="test_signal_to_nonexistent_user_returns_404" time="3.205" /><testcase classname="backend.tests.test_calls_signaling" name="test_signals_scoped_per_recipient" time="9.711" /><testcase classname="backend.tests.test_calls_signaling" name="test_post_signal_unauthorized" time="3.199" /><testcase classname="backend.tests.test_calls_signaling" name="test_get_signals_unauthorized" time="0.738" /><testcase classname="backend.tests.test_cipher_backend" name="test_health" time="1.556" /><testcase classname="backend.tests.test_cipher_backend" name="test_register_and_me" time="9.783" /><testcase classname="backend.tests.test_cipher_backend" name="test_register_duplicate_email" time="6.914" /><testcase classname="backend.tests.test_cipher_backend" name="test_login_success_and_invalid" time="10.696" /><testcase classname="backend.tests.test_cipher_backend" name="test_me_unauthorized" time="0.427" /><testcase classname="backend.tests.test_cipher_backend" name="test_logout" time="2.397" /><testcase classname="backend.tests.test_cipher_backend" name="test_2fa_setup_verify_and_login_flow" time="8.739" /><testcase classname="backend.tests.test_cipher_backend" name="test_sessions" time="2.109" /><testcase classname="backend.tests.test_cipher_backend" name="test_user_search_excludes_self" time="2.139" /><testcase classname="backend.tests.test_cipher_backend" name="test_servers_channels_messages_flow" time="7.181" /><testcase classname="backend.tests.test_cipher_backend" name="test_dms_flow" time="7.067" /><testcase classname="backend.tests.test_cipher_backend" name="test_file_upload_and_download" time="2.785" /><testcase classname="backend.tests.test_cipher_backend" name="test_unauthorized_endpoints" time="4.231" /><testcase classname="backend.tests.test_guest_and_emojis" name="test_guest_register_returns_user_and_token" time="4.459" /><testcase classname="backend.tests.test_guest_and_emojis" name="test_guest_login_correct_recovery_code" time="5.494" /><testcase classname="backend.tests.test_guest_and_emojis" name="test_guest_login_wrong_recovery_code" time="4.781" /><testcase classname="backend.tests.test_guest_and_emojis" name="test_guest_login_non_guest_user" time="1.548" /><testcase classname="backend.tests.test_guest_and_emojis" name="test_upgrade_guest_to_permanent" time="6.688" /><testcase classname="backend.tests.test_guest_and_emojis" name="test_upgrade_non_guest_rejected" time="1.784" /><testcase classname="backend.tests.test_guest_and_emojis" name="test_upgrade_duplicate_email" time="2.968" /><testcase classname="backend.tests.test_guest_and_emojis" name="test_emoji_upload_by_member" time="1.937" /><testcase classname="backend.tests.test_guest_and_emojis" name="test_emoji_duplicate_name_in_same_server" time="3.100" /><testcase classname="backend.tests.test_guest_and_emojis" name="test_emoji_upload_size_limit_exceeded" time="2.256" /><testcase classname="backend.tests.test_guest_and_emojis" name="test_emoji_upload_by_non_member" time="2.723" /><testcase classname="backend.tests.test_guest_and_emojis" name="test_list_server_emojis" time="4.706" /><testcase classname="backend.tests.test_guest_and_emojis" name="test_list_my_emojis_only_from_member_servers" time="5.253" /><testcase classname="backend.tests.test_guest_and_emojis" name="test_emoji_delete_by_uploader" time="4.090" /><testcase classname="backend.tests.test_guest_and_emojis" name="test_emoji_delete_by_server_owner" time="4.906" /><testcase classname="backend.tests.test_guest_and_emojis" name="test_emoji_delete_by_random_member_forbidden" time="6.276" /><testcase classname="backend.tests.test_guest_and_emojis" name="test_emoji_image_bytes" time="4.809" /><testcase classname="backend.tests.test_guest_and_emojis" name="test_regression_core_endpoints" time="6.166" /><testcase classname="backend.tests.test_iter4_leonty" name="test_root_returns_leonty" time="0.653" /><testcase classname="backend.tests.test_iter4_leonty" name="test_patch_users_me_all_fields" time="1.693" /><testcase classname="backend.tests.test_iter4_leonty" name="test_patch_users_me_empty_body" time="1.503" /><testcase classname="backend.tests.test_iter4_leonty" name="test_get_user_includes_about_me_and_status" time="9.459" /><testcase classname="backend.tests.test_iter4_leonty" name="test_upload_sticker_succeeds_and_records_kind" time="2.767" /><testcase classname="backend.tests.test_iter4_leonty" name="test_upload_emoji_kind_succeeds_and_records_kind" time="3.715" /><testcase classname="backend.tests.test_iter4_leonty" name="test_upload_invalid_kind_400" time="2.794" /><testcase classname="backend.tests.test_iter4_leonty" name="test_sticker_over_1mb_rejected" time="4.197" /><testcase classname="backend.tests.test_iter4_leonty" name="test_emoji_over_512kb_rejected" time="4.725" /><testcase classname="backend.tests.test_iter4_leonty" name="test_sticker_900kb_succeeds" time="2.449" /><testcase classname="backend.tests.test_iter4_leonty" name="test_list_server_emojis_includes_kind" time="3.553" /><testcase classname="backend.tests.test_iter4_leonty" name="test_upload_default_kind_is_emoji" time="1.977" /><testcase classname="backend.tests.test_iter4_leonty" name="test_list_my_emojis_includes_kind" time="2.523" /><testcase classname="backend.tests.test_iter4_leonty" name="test_upload_5mb_file_streams_back" time="39.780" /><testcase classname="backend.tests.test_iter4_leonty" name="test_regression_login_servers_messages" time="3.443" /><testcase classname="backend.tests.test_iter6_attachments_smoke" name="test_upload_image_png_200kb" time="3.815" /><testcase classname="backend.tests.test_iter6_attachments_smoke" name="test_upload_video_mp4_1mb" time="7.658" /><testcase classname="backend.tests.test_iter6_attachments_smoke" name="test_upload_pdf" time="1.627" /><testcase classname="backend.tests.test_iter6_attachments_smoke" name="test_channel_message_with_attachment_id" time="1.418" /><testcase classname="backend.tests.test_iter6_attachments_smoke" name="test_dm_with_attachment_id" time="3.000" /><testcase classname="backend.tests.test_iter6_attachments_smoke" name="test_profile_patch_smoke" time="1.179" /><testcase classname="backend.tests.test_iter6_attachments_smoke" name="test_emoji_upload_smoke" time="2.711" /><testcase classname="backend.tests.test_iter6_attachments_smoke" name="test_signal_endpoint_smoke" time="6.327" /></testsuite></testsuites>