<?xml version="1.0" encoding="utf-8"?><testsuites name="pytest tests"><testsuite name="pytest" errors="0" failures="0" skipped="0" tests="9" time="15.776" timestamp="2026-05-01T17:08:36.152401+00:00" hostname="agent-env-e2a935e2-0f11-4b4b-a488-71d6941800c2"><testcase classname="tests.test_calls_signaling" name="test_signal_offer_stored_and_retrievable_with_from_user" time="1.846" /><testcase classname="tests.test_calls_signaling" name="test_signal_answer_retrievable_by_recipient" time="2.266" /><testcase classname="tests.test_calls_signaling" name="test_signal_candidate_retrievable" time="3.728" /><testcase classname="tests.test_calls_signaling" name="test_signal_hangup_retrievable" time="1.885" /><testcase classname="tests.test_calls_signaling" name="test_signals_sorted_by_created_at" time="1.899" /><testcase classname="tests.test_calls_signaling" name="test_signal_to_nonexistent_user_returns_404" time="0.670" /><testcase classname="tests.test_calls_signaling" name="test_signals_scoped_per_recipient" time="2.510" /><testcase classname="tests.test_calls_signaling" name="test_post_signal_unauthorized" time="0.185" /><testcase classname="tests.test_calls_signaling" name="test_get_signals_unauthorized" time="0.174" /></testsuite></testsuites>