<?xml version="1.0" encoding="utf-8"?><testsuites name="pytest tests"><testsuite name="pytest" errors="0" failures="0" skipped="0" tests="40" time="204.196" timestamp="2026-05-01T18:24:22.333875+00:00" hostname="agent-env-e2a935e2-0f11-4b4b-a488-71d6941800c2"><testcase classname="backend.tests.test_calls_signaling" name="test_signal_offer_stored_and_retrievable_with_from_user" time="5.963" /><testcase classname="backend.tests.test_calls_signaling" name="test_signal_answer_retrievable_by_recipient" time="7.459" /><testcase classname="backend.tests.test_calls_signaling" name="test_signal_candidate_retrievable" time="5.289" /><testcase classname="backend.tests.test_calls_signaling" name="test_signal_hangup_retrievable" time="5.622" /><testcase classname="backend.tests.test_calls_signaling" name="test_signals_sorted_by_created_at" time="7.065" /><testcase classname="backend.tests.test_calls_signaling" name="test_signal_to_nonexistent_user_returns_404" time="3.197" /><testcase classname="backend.tests.test_calls_signaling" name="test_signals_scoped_per_recipient" time="8.579" /><testcase classname="backend.tests.test_calls_signaling" name="test_post_signal_unauthorized" time="0.484" /><testcase classname="backend.tests.test_calls_signaling" name="test_get_signals_unauthorized" time="0.589" /><testcase classname="backend.tests.test_cipher_backend" name="test_health" time="0.502" /><testcase classname="backend.tests.test_cipher_backend" name="test_register_and_me" time="4.997" /><testcase classname="backend.tests.test_cipher_backend" name="test_register_duplicate_email" time="3.599" /><testcase classname="backend.tests.test_cipher_backend" name="test_login_success_and_invalid" time="11.149" /><testcase classname="backend.tests.test_cipher_backend" name="test_me_unauthorized" time="1.363" /><testcase classname="backend.tests.test_cipher_backend" name="test_logout" time="5.250" /><testcase classname="backend.tests.test_cipher_backend" name="test_2fa_setup_verify_and_login_flow" time="8.392" /><testcase classname="backend.tests.test_cipher_backend" name="test_sessions" time="5.032" /><testcase classname="backend.tests.test_cipher_backend" name="test_user_search_excludes_self" time="4.503" /><testcase classname="backend.tests.test_cipher_backend" name="test_servers_channels_messages_flow" time="5.859" /><testcase classname="backend.tests.test_cipher_backend" name="test_dms_flow" time="9.559" /><testcase classname="backend.tests.test_cipher_backend" name="test_file_upload_and_download" time="3.506" /><testcase classname="backend.tests.test_cipher_backend" name="test_unauthorized_endpoints" time="2.780" /><testcase classname="backend.tests.test_guest_and_emojis" name="test_guest_register_returns_user_and_token" time="3.244" /><testcase classname="backend.tests.test_guest_and_emojis" name="test_guest_login_correct_recovery_code" time="6.524" /><testcase classname="backend.tests.test_guest_and_emojis" name="test_guest_login_wrong_recovery_code" time="4.339" /><testcase classname="backend.tests.test_guest_and_emojis" name="test_guest_login_non_guest_user" time="7.137" /><testcase classname="backend.tests.test_guest_and_emojis" name="test_upgrade_guest_to_permanent" time="7.431" /><testcase classname="backend.tests.test_guest_and_emojis" name="test_upgrade_non_guest_rejected" time="3.753" /><testcase classname="backend.tests.test_guest_and_emojis" name="test_upgrade_duplicate_email" time="7.759" /><testcase classname="backend.tests.test_guest_and_emojis" name="test_emoji_upload_by_member" time="2.355" /><testcase classname="backend.tests.test_guest_and_emojis" name="test_emoji_duplicate_name_in_same_server" time="3.108" /><testcase classname="backend.tests.test_guest_and_emojis" name="test_emoji_upload_size_limit_exceeded" time="4.052" /><testcase classname="backend.tests.test_guest_and_emojis" name="test_emoji_upload_by_non_member" time="4.023" /><testcase classname="backend.tests.test_guest_and_emojis" name="test_list_server_emojis" time="2.898" /><testcase classname="backend.tests.test_guest_and_emojis" name="test_list_my_emojis_only_from_member_servers" time="6.675" /><testcase classname="backend.tests.test_guest_and_emojis" name="test_emoji_delete_by_uploader" time="2.562" /><testcase classname="backend.tests.test_guest_and_emojis" name="test_emoji_delete_by_server_owner" time="5.592" /><testcase classname="backend.tests.test_guest_and_emojis" name="test_emoji_delete_by_random_member_forbidden" time="8.440" /><testcase classname="backend.tests.test_guest_and_emojis" name="test_emoji_image_bytes" time="1.902" /><testcase classname="backend.tests.test_guest_and_emojis" name="test_regression_core_endpoints" time="8.049" /></testsuite></testsuites>