<?xml version="1.0" encoding="utf-8"?><testsuites name="pytest tests"><testsuite name="pytest" errors="0" failures="1" skipped="0" tests="63" time="391.836" timestamp="2026-05-01T18:50:05.841262+00:00" hostname="agent-env-e2a935e2-0f11-4b4b-a488-71d6941800c2"><testcase classname="backend.tests.test_calls_signaling" name="test_signal_offer_stored_and_retrievable_with_from_user" time="5.733" /><testcase classname="backend.tests.test_calls_signaling" name="test_signal_answer_retrievable_by_recipient" time="4.581" /><testcase classname="backend.tests.test_calls_signaling" name="test_signal_candidate_retrievable" time="3.722" /><testcase classname="backend.tests.test_calls_signaling" name="test_signal_hangup_retrievable" time="6.421" /><testcase classname="backend.tests.test_calls_signaling" name="test_signals_sorted_by_created_at" time="6.814" /><testcase classname="backend.tests.test_calls_signaling" name="test_signal_to_nonexistent_user_returns_404" time="2.153" /><testcase classname="backend.tests.test_calls_signaling" name="test_signals_scoped_per_recipient" time="8.319" /><testcase classname="backend.tests.test_calls_signaling" name="test_post_signal_unauthorized" time="1.210" /><testcase classname="backend.tests.test_calls_signaling" name="test_get_signals_unauthorized" time="1.235" /><testcase classname="backend.tests.test_cipher_backend" name="test_health" time="1.550" /><testcase classname="backend.tests.test_cipher_backend" name="test_register_and_me" time="6.918" /><testcase classname="backend.tests.test_cipher_backend" name="test_register_duplicate_email" time="5.777" /><testcase classname="backend.tests.test_cipher_backend" name="test_login_success_and_invalid" time="8.501" /><testcase classname="backend.tests.test_cipher_backend" name="test_me_unauthorized" time="1.018" /><testcase classname="backend.tests.test_cipher_backend" name="test_logout" time="2.740" /><testcase classname="backend.tests.test_cipher_backend" name="test_2fa_setup_verify_and_login_flow" time="6.325" /><testcase classname="backend.tests.test_cipher_backend" name="test_sessions" time="3.618" /><testcase classname="backend.tests.test_cipher_backend" name="test_user_search_excludes_self" time="2.000" /><testcase classname="backend.tests.test_cipher_backend" name="test_servers_channels_messages_flow" time="4.612" /><testcase classname="backend.tests.test_cipher_backend" name="test_dms_flow" time="5.757" /><testcase classname="backend.tests.test_cipher_backend" name="test_file_upload_and_download" time="1.644" /><testcase classname="backend.tests.test_cipher_backend" name="test_unauthorized_endpoints" time="2.597" /><testcase classname="backend.tests.test_guest_and_emojis" name="test_guest_register_returns_user_and_token" time="2.633" /><testcase classname="backend.tests.test_guest_and_emojis" name="test_guest_login_correct_recovery_code" time="5.069" /><testcase classname="backend.tests.test_guest_and_emojis" name="test_guest_login_wrong_recovery_code" time="6.928" /><testcase classname="backend.tests.test_guest_and_emojis" name="test_guest_login_non_guest_user" time="2.459" /><testcase classname="backend.tests.test_guest_and_emojis" name="test_upgrade_guest_to_permanent" time="7.088" /><testcase classname="backend.tests.test_guest_and_emojis" name="test_upgrade_non_guest_rejected" time="1.548" /><testcase classname="backend.tests.test_guest_and_emojis" name="test_upgrade_duplicate_email" time="4.728" /><testcase classname="backend.tests.test_guest_and_emojis" name="test_emoji_upload_by_member" time="2.832" /><testcase classname="backend.tests.test_guest_and_emojis" name="test_emoji_duplicate_name_in_same_server" time="1.647" /><testcase classname="backend.tests.test_guest_and_emojis" name="test_emoji_upload_size_limit_exceeded" time="1.532" /><testcase classname="backend.tests.test_guest_and_emojis" name="test_emoji_upload_by_non_member" time="5.896" /><testcase classname="backend.tests.test_guest_and_emojis" name="test_list_server_emojis" time="2.373" /><testcase classname="backend.tests.test_guest_and_emojis" name="test_list_my_emojis_only_from_member_servers" time="5.392" /><testcase classname="backend.tests.test_guest_and_emojis" name="test_emoji_delete_by_uploader" time="6.481" /><testcase classname="backend.tests.test_guest_and_emojis" name="test_emoji_delete_by_server_owner" time="4.578" /><testcase classname="backend.tests.test_guest_and_emojis" name="test_emoji_delete_by_random_member_forbidden" time="6.815" /><testcase classname="backend.tests.test_guest_and_emojis" name="test_emoji_image_bytes" time="5.350" /><testcase classname="backend.tests.test_guest_and_emojis" name="test_regression_core_endpoints" time="3.786" /><testcase classname="backend.tests.test_iter4_leonty" name="test_root_returns_leonty" time="0.559" /><testcase classname="backend.tests.test_iter4_leonty" name="test_patch_users_me_all_fields" time="4.527" /><testcase classname="backend.tests.test_iter4_leonty" name="test_patch_users_me_empty_body" time="2.438" /><testcase classname="backend.tests.test_iter4_leonty" name="test_get_user_includes_about_me_and_status" time="7.605" /><testcase classname="backend.tests.test_iter4_leonty" name="test_upload_sticker_succeeds_and_records_kind" time="3.069" /><testcase classname="backend.tests.test_iter4_leonty" name="test_upload_emoji_kind_succeeds_and_records_kind" time="2.552" /><testcase classname="backend.tests.test_iter4_leonty" name="test_upload_invalid_kind_400" time="2.908" /><testcase classname="backend.tests.test_iter4_leonty" name="test_sticker_over_1mb_rejected" time="4.050" /><testcase classname="backend.tests.test_iter4_leonty" name="test_emoji_over_512kb_rejected" time="2.668" /><testcase classname="backend.tests.test_iter4_leonty" name="test_sticker_900kb_succeeds" time="3.267" /><testcase classname="backend.tests.test_iter4_leonty" name="test_list_server_emojis_includes_kind" time="5.289" /><testcase classname="backend.tests.test_iter4_leonty" name="test_upload_default_kind_is_emoji" time="2.759" /><testcase classname="backend.tests.test_iter4_leonty" name="test_list_my_emojis_includes_kind" time="4.439" /><testcase classname="backend.tests.test_iter4_leonty" name="test_upload_5mb_file_streams_back" time="112.496"><failure message="assert b'-\x86q.c\xd...94\xbd\x0et\n' == b'-\x86q.c\xd...xc9\x0c\x1dxU'&#10;  &#10;  Full diff:&#10;    (b'-\x86q.c\xda\xea+_\x85\xb9\xe2\xc8\xddO\xddbq\xf8\r\xb0\x1d\x15b.\x11\x19U'&#10;     b'\xfb%\xa2\xdd\xdc\xbc~6\xf2\xc602\x18\xd5;\x95\x97\x84\x19\x7f\xbf\xffy?'&#10;     b&quot;\x1fX\x06'g\xc3\xdc\xc6\x0eR\x85\xf0\x04\x83\x82\x0f\xaa\xf2\x81\xf7q\x16!v&quot;&#10;     b'\xd0\xfc\xbeu\x1b\x8e\xednJ\x00&quot;(\xf9V\xf85R\xed\xe6\xaf.\x80\xceZ?#Q\xc5'&#10;     b'&amp;z\x82\xcf\xed\x8cU\xd8p\xd41\x96\xe7Mv\xed\xe5?C\xe7Q\xb82\xd6#\xe4\x00\x86'...&#10;  &#10;  ...Full output truncated (212837 lines hidden), use '-vv' to show">backend/tests/test_iter4_leonty.py:253: in test_upload_5mb_file_streams_back
    assert r.content == blob
E   assert b'-\x86q.c\xd...94\xbd\x0et\n' == b'-\x86q.c\xd...xc9\x0c\x1dxU'
E     
E     Full diff:
E       (b'-\x86q.c\xda\xea+_\x85\xb9\xe2\xc8\xddO\xddbq\xf8\r\xb0\x1d\x15b.\x11\x19U'
E        b'\xfb%\xa2\xdd\xdc\xbc~6\xf2\xc602\x18\xd5;\x95\x97\x84\x19\x7f\xbf\xffy?'
E        b"\x1fX\x06'g\xc3\xdc\xc6\x0eR\x85\xf0\x04\x83\x82\x0f\xaa\xf2\x81\xf7q\x16!v"
E        b'\xd0\xfc\xbeu\x1b\x8e\xednJ\x00"(\xf9V\xf85R\xed\xe6\xaf.\x80\xceZ?#Q\xc5'
E        b'&amp;z\x82\xcf\xed\x8cU\xd8p\xd41\x96\xe7Mv\xed\xe5?C\xe7Q\xb82\xd6#\xe4\x00\x86'...
E     
E     ...Full output truncated (212837 lines hidden), use '-vv' to show</failure></testcase><testcase classname="backend.tests.test_iter4_leonty" name="test_regression_login_servers_messages" time="8.185" /><testcase classname="backend.tests.test_iter6_attachments_smoke" name="test_upload_image_png_200kb" time="3.200" /><testcase classname="backend.tests.test_iter6_attachments_smoke" name="test_upload_video_mp4_1mb" time="20.432" /><testcase classname="backend.tests.test_iter6_attachments_smoke" name="test_upload_pdf" time="4.247" /><testcase classname="backend.tests.test_iter6_attachments_smoke" name="test_channel_message_with_attachment_id" time="3.719" /><testcase classname="backend.tests.test_iter6_attachments_smoke" name="test_dm_with_attachment_id" time="5.296" /><testcase classname="backend.tests.test_iter6_attachments_smoke" name="test_profile_patch_smoke" time="3.032" /><testcase classname="backend.tests.test_iter6_attachments_smoke" name="test_emoji_upload_smoke" time="2.138" /><testcase classname="backend.tests.test_iter6_attachments_smoke" name="test_signal_endpoint_smoke" time="7.318" /></testsuite></testsuites>