<?xml version="1.0" encoding="utf-8"?><testsuites name="pytest tests"><testsuite name="pytest" errors="0" failures="0" skipped="0" tests="55" time="290.002" timestamp="2026-05-01T18:15:04.340798+00:00" hostname="agent-env-e2a935e2-0f11-4b4b-a488-71d6941800c2"><testcase classname="backend.tests.test_calls_signaling" name="test_signal_offer_stored_and_retrievable_with_from_user" time="7.931" /><testcase classname="backend.tests.test_calls_signaling" name="test_signal_answer_retrievable_by_recipient" time="5.196" /><testcase classname="backend.tests.test_calls_signaling" name="test_signal_candidate_retrievable" time="6.177" /><testcase classname="backend.tests.test_calls_signaling" name="test_signal_hangup_retrievable" time="5.735" /><testcase classname="backend.tests.test_calls_signaling" name="test_signals_sorted_by_created_at" time="6.076" /><testcase classname="backend.tests.test_calls_signaling" name="test_signal_to_nonexistent_user_returns_404" time="2.958" /><testcase classname="backend.tests.test_calls_signaling" name="test_signals_scoped_per_recipient" time="9.439" /><testcase classname="backend.tests.test_calls_signaling" name="test_post_signal_unauthorized" time="1.246" /><testcase classname="backend.tests.test_calls_signaling" name="test_get_signals_unauthorized" time="2.041" /><testcase classname="backend.tests.test_cipher_backend" name="test_health" time="0.780" /><testcase classname="backend.tests.test_cipher_backend" name="test_register_and_me" time="2.395" /><testcase classname="backend.tests.test_cipher_backend" name="test_register_duplicate_email" time="3.272" /><testcase classname="backend.tests.test_cipher_backend" name="test_login_success_and_invalid" time="10.781" /><testcase classname="backend.tests.test_cipher_backend" name="test_me_unauthorized" time="1.159" /><testcase classname="backend.tests.test_cipher_backend" name="test_logout" time="3.036" /><testcase classname="backend.tests.test_cipher_backend" name="test_2fa_setup_verify_and_login_flow" time="6.837" /><testcase classname="backend.tests.test_cipher_backend" name="test_sessions" time="2.911" /><testcase classname="backend.tests.test_cipher_backend" name="test_user_search_excludes_self" time="2.671" /><testcase classname="backend.tests.test_cipher_backend" name="test_servers_channels_messages_flow" time="6.285" /><testcase classname="backend.tests.test_cipher_backend" name="test_dms_flow" time="4.925" /><testcase classname="backend.tests.test_cipher_backend" name="test_file_upload_and_download" time="1.967" /><testcase classname="backend.tests.test_cipher_backend" name="test_unauthorized_endpoints" time="4.921" /><testcase classname="backend.tests.test_guest_and_emojis" name="test_guest_register_returns_user_and_token" time="3.078" /><testcase classname="backend.tests.test_guest_and_emojis" name="test_guest_login_correct_recovery_code" time="5.406" /><testcase classname="backend.tests.test_guest_and_emojis" name="test_guest_login_wrong_recovery_code" time="3.727" /><testcase classname="backend.tests.test_guest_and_emojis" name="test_guest_login_non_guest_user" time="2.653" /><testcase classname="backend.tests.test_guest_and_emojis" name="test_upgrade_guest_to_permanent" time="9.175" /><testcase classname="backend.tests.test_guest_and_emojis" name="test_upgrade_non_guest_rejected" time="3.715" /><testcase classname="backend.tests.test_guest_and_emojis" name="test_upgrade_duplicate_email" time="4.294" /><testcase classname="backend.tests.test_guest_and_emojis" name="test_emoji_upload_by_member" time="3.002" /><testcase classname="backend.tests.test_guest_and_emojis" name="test_emoji_duplicate_name_in_same_server" time="3.198" /><testcase classname="backend.tests.test_guest_and_emojis" name="test_emoji_upload_size_limit_exceeded" time="2.188" /><testcase classname="backend.tests.test_guest_and_emojis" name="test_emoji_upload_by_non_member" time="4.039" /><testcase classname="backend.tests.test_guest_and_emojis" name="test_list_server_emojis" time="4.084" /><testcase classname="backend.tests.test_guest_and_emojis" name="test_list_my_emojis_only_from_member_servers" time="4.592" /><testcase classname="backend.tests.test_guest_and_emojis" name="test_emoji_delete_by_uploader" time="2.506" /><testcase classname="backend.tests.test_guest_and_emojis" name="test_emoji_delete_by_server_owner" time="6.245" /><testcase classname="backend.tests.test_guest_and_emojis" name="test_emoji_delete_by_random_member_forbidden" time="3.738" /><testcase classname="backend.tests.test_guest_and_emojis" name="test_emoji_image_bytes" time="4.418" /><testcase classname="backend.tests.test_guest_and_emojis" name="test_regression_core_endpoints" time="4.640" /><testcase classname="backend.tests.test_iter4_leonty" name="test_root_returns_leonty" time="0.422" /><testcase classname="backend.tests.test_iter4_leonty" name="test_patch_users_me_all_fields" time="4.077" /><testcase classname="backend.tests.test_iter4_leonty" name="test_patch_users_me_empty_body" time="3.209" /><testcase classname="backend.tests.test_iter4_leonty" name="test_get_user_includes_about_me_and_status" time="9.345" /><testcase classname="backend.tests.test_iter4_leonty" name="test_upload_sticker_succeeds_and_records_kind" time="2.232" /><testcase classname="backend.tests.test_iter4_leonty" name="test_upload_emoji_kind_succeeds_and_records_kind" time="2.445" /><testcase classname="backend.tests.test_iter4_leonty" name="test_upload_invalid_kind_400" time="2.748" /><testcase classname="backend.tests.test_iter4_leonty" name="test_sticker_over_1mb_rejected" time="2.773" /><testcase classname="backend.tests.test_iter4_leonty" name="test_emoji_over_512kb_rejected" time="2.202" /><testcase classname="backend.tests.test_iter4_leonty" name="test_sticker_900kb_succeeds" time="1.960" /><testcase classname="backend.tests.test_iter4_leonty" name="test_list_server_emojis_includes_kind" time="3.969" /><testcase classname="backend.tests.test_iter4_leonty" name="test_upload_default_kind_is_emoji" time="2.623" /><testcase classname="backend.tests.test_iter4_leonty" name="test_list_my_emojis_includes_kind" time="2.410" /><testcase classname="backend.tests.test_iter4_leonty" name="test_upload_5mb_file_streams_back" time="63.686" /><testcase classname="backend.tests.test_iter4_leonty" name="test_regression_login_servers_messages" time="8.796" /></testsuite></testsuites>