<?xml version="1.0" encoding="utf-8"?><testsuites name="pytest tests"><testsuite name="pytest" errors="0" failures="1" skipped="0" tests="15" time="156.372" timestamp="2026-05-01T18:20:18.747889+00:00" hostname="agent-env-e2a935e2-0f11-4b4b-a488-71d6941800c2"><testcase classname="backend.tests.test_iter4_leonty" name="test_root_returns_leonty" time="1.781" /><testcase classname="backend.tests.test_iter4_leonty" name="test_patch_users_me_all_fields" time="4.225" /><testcase classname="backend.tests.test_iter4_leonty" name="test_patch_users_me_empty_body" time="3.589" /><testcase classname="backend.tests.test_iter4_leonty" name="test_get_user_includes_about_me_and_status" time="9.751" /><testcase classname="backend.tests.test_iter4_leonty" name="test_upload_sticker_succeeds_and_records_kind" time="4.645" /><testcase classname="backend.tests.test_iter4_leonty" name="test_upload_emoji_kind_succeeds_and_records_kind" time="2.519" /><testcase classname="backend.tests.test_iter4_leonty" name="test_upload_invalid_kind_400" time="3.216" /><testcase classname="backend.tests.test_iter4_leonty" name="test_sticker_over_1mb_rejected" time="5.012" /><testcase classname="backend.tests.test_iter4_leonty" name="test_emoji_over_512kb_rejected" time="2.979" /><testcase classname="backend.tests.test_iter4_leonty" name="test_sticker_900kb_succeeds" time="5.755" /><testcase classname="backend.tests.test_iter4_leonty" name="test_list_server_emojis_includes_kind" time="4.877" /><testcase classname="backend.tests.test_iter4_leonty" name="test_upload_default_kind_is_emoji" time="2.710" /><testcase classname="backend.tests.test_iter4_leonty" name="test_list_my_emojis_includes_kind" time="3.910" /><testcase classname="backend.tests.test_iter4_leonty" name="test_upload_5mb_file_streams_back" time="89.538"><failure message="AssertionError: assert b'?RK\xcd\x11...\xfe\x9aWKJ\n' == b'?RK\xcd\x11...a\xdf\xe5\x12'&#10;  &#10;  Full diff:&#10;    (b'?RK\xcd\x11\xc4\n\xc9M\xc2\xb3zb\x82{\xfc\xe4I\xa2!\x1d\x0b\x90Q'&#10;     b'(\x1f\xd7\xde\xa0\xaf\xf4\xbc\xee=\xca\x84\xc5\xce\x98\xc2%\xbaap'&#10;     b'\x02H\x15\x7fl\xa5@\x1dI\xf0n\xd4`I\xc4Z\xdb\xe1\x9eA\xc4\xf4\x96\xb6ko\xd3~'&#10;     b'\xde\x02\x1b\xdfnh\xef-\x10\x0f[\x7f`u&lt;@K=\xc9[\x1d\x1f\xdf\x0c\x05d\xc8#'&#10;     b'lG\xf5l\xda\xd9\xb8X\xb8\xc2\xca\x82\x8axc\x86\x1d=\x97\xf4\xf7\t\xb8\x01'...&#10;  &#10;  ...Full output truncated (212964 lines hidden), use '-vv' to show">backend/tests/test_iter4_leonty.py:253: in test_upload_5mb_file_streams_back
    assert r.content == blob
E   AssertionError: assert b'?RK\xcd\x11...\xfe\x9aWKJ\n' == b'?RK\xcd\x11...a\xdf\xe5\x12'
E     
E     Full diff:
E       (b'?RK\xcd\x11\xc4\n\xc9M\xc2\xb3zb\x82{\xfc\xe4I\xa2!\x1d\x0b\x90Q'
E        b'(\x1f\xd7\xde\xa0\xaf\xf4\xbc\xee=\xca\x84\xc5\xce\x98\xc2%\xbaap'
E        b'\x02H\x15\x7fl\xa5@\x1dI\xf0n\xd4`I\xc4Z\xdb\xe1\x9eA\xc4\xf4\x96\xb6ko\xd3~'
E        b'\xde\x02\x1b\xdfnh\xef-\x10\x0f[\x7f`u&lt;@K=\xc9[\x1d\x1f\xdf\x0c\x05d\xc8#'
E        b'lG\xf5l\xda\xd9\xb8X\xb8\xc2\xca\x82\x8axc\x86\x1d=\x97\xf4\xf7\t\xb8\x01'...
E     
E     ...Full output truncated (212964 lines hidden), use '-vv' to show</failure></testcase><testcase classname="backend.tests.test_iter4_leonty" name="test_regression_login_servers_messages" time="7.681" /></testsuite></testsuites>