<?xml version="1.0" encoding="utf-8"?><testsuites name="pytest tests"><testsuite name="pytest" errors="0" failures="0" skipped="0" tests="40" time="87.171" timestamp="2026-05-01T17:58:31.896921+00:00" hostname="agent-env-e2a935e2-0f11-4b4b-a488-71d6941800c2"><testcase classname="backend.tests.test_cipher_backend" name="test_health" time="1.508" /><testcase classname="backend.tests.test_cipher_backend" name="test_register_and_me" time="1.798" /><testcase classname="backend.tests.test_cipher_backend" name="test_register_duplicate_email" time="1.544" /><testcase classname="backend.tests.test_cipher_backend" name="test_login_success_and_invalid" time="3.588" /><testcase classname="backend.tests.test_cipher_backend" name="test_me_unauthorized" time="0.212" /><testcase classname="backend.tests.test_cipher_backend" name="test_logout" time="1.798" /><testcase classname="backend.tests.test_cipher_backend" name="test_2fa_setup_verify_and_login_flow" time="3.077" /><testcase classname="backend.tests.test_cipher_backend" name="test_sessions" time="0.939" /><testcase classname="backend.tests.test_cipher_backend" name="test_user_search_excludes_self" time="1.358" /><testcase classname="backend.tests.test_cipher_backend" name="test_servers_channels_messages_flow" time="3.151" /><testcase classname="backend.tests.test_cipher_backend" name="test_dms_flow" time="4.649" /><testcase classname="backend.tests.test_cipher_backend" name="test_file_upload_and_download" time="0.858" /><testcase classname="backend.tests.test_cipher_backend" name="test_unauthorized_endpoints" time="1.282" /><testcase classname="backend.tests.test_guest_and_emojis" name="test_guest_register_returns_user_and_token" time="1.358" /><testcase classname="backend.tests.test_guest_and_emojis" name="test_guest_login_correct_recovery_code" time="3.601" /><testcase classname="backend.tests.test_guest_and_emojis" name="test_guest_login_wrong_recovery_code" time="3.721" /><testcase classname="backend.tests.test_guest_and_emojis" name="test_guest_login_non_guest_user" time="1.976" /><testcase classname="backend.tests.test_guest_and_emojis" name="test_upgrade_guest_to_permanent" time="4.592" /><testcase classname="backend.tests.test_guest_and_emojis" name="test_upgrade_non_guest_rejected" time="1.003" /><testcase classname="backend.tests.test_guest_and_emojis" name="test_upgrade_duplicate_email" time="2.840" /><testcase classname="backend.tests.test_guest_and_emojis" name="test_emoji_upload_by_member" time="1.251" /><testcase classname="backend.tests.test_guest_and_emojis" name="test_emoji_duplicate_name_in_same_server" time="1.293" /><testcase classname="backend.tests.test_guest_and_emojis" name="test_emoji_upload_size_limit_exceeded" time="1.270" /><testcase classname="backend.tests.test_guest_and_emojis" name="test_emoji_upload_by_non_member" time="2.935" /><testcase classname="backend.tests.test_guest_and_emojis" name="test_list_server_emojis" time="1.325" /><testcase classname="backend.tests.test_guest_and_emojis" name="test_list_my_emojis_only_from_member_servers" time="2.753" /><testcase classname="backend.tests.test_guest_and_emojis" name="test_emoji_delete_by_uploader" time="1.348" /><testcase classname="backend.tests.test_guest_and_emojis" name="test_emoji_delete_by_server_owner" time="3.625" /><testcase classname="backend.tests.test_guest_and_emojis" name="test_emoji_delete_by_random_member_forbidden" time="2.060" /><testcase classname="backend.tests.test_guest_and_emojis" name="test_emoji_image_bytes" time="1.304" /><testcase classname="backend.tests.test_guest_and_emojis" name="test_regression_core_endpoints" time="2.388" /><testcase classname="backend.tests.test_calls_signaling" name="test_signal_offer_stored_and_retrievable_with_from_user" time="3.009" /><testcase classname="backend.tests.test_calls_signaling" name="test_signal_answer_retrievable_by_recipient" time="2.113" /><testcase classname="backend.tests.test_calls_signaling" name="test_signal_candidate_retrievable" time="2.141" /><testcase classname="backend.tests.test_calls_signaling" name="test_signal_hangup_retrievable" time="2.193" /><testcase classname="backend.tests.test_calls_signaling" name="test_signals_sorted_by_created_at" time="2.643" /><testcase classname="backend.tests.test_calls_signaling" name="test_signal_to_nonexistent_user_returns_404" time="2.461" /><testcase classname="backend.tests.test_calls_signaling" name="test_signals_scoped_per_recipient" time="3.135" /><testcase classname="backend.tests.test_calls_signaling" name="test_post_signal_unauthorized" time="0.236" /><testcase classname="backend.tests.test_calls_signaling" name="test_get_signals_unauthorized" time="0.259" /></testsuite></testsuites>