<?xml version="1.0" encoding="utf-8"?><testsuites name="pytest tests"><testsuite name="pytest" errors="0" failures="0" skipped="0" tests="18" time="22.226" timestamp="2026-05-01T16:39:36.287665+00:00" hostname="agent-env-e2a935e2-0f11-4b4b-a488-71d6941800c2"><testcase classname="backend.tests.test_guest_and_emojis" name="test_guest_register_returns_user_and_token" time="0.640" /><testcase classname="backend.tests.test_guest_and_emojis" name="test_guest_login_correct_recovery_code" time="1.046" /><testcase classname="backend.tests.test_guest_and_emojis" name="test_guest_login_wrong_recovery_code" time="1.143" /><testcase classname="backend.tests.test_guest_and_emojis" name="test_guest_login_non_guest_user" time="0.922" /><testcase classname="backend.tests.test_guest_and_emojis" name="test_upgrade_guest_to_permanent" time="1.552" /><testcase classname="backend.tests.test_guest_and_emojis" name="test_upgrade_non_guest_rejected" time="0.690" /><testcase classname="backend.tests.test_guest_and_emojis" name="test_upgrade_duplicate_email" time="1.967" /><testcase classname="backend.tests.test_guest_and_emojis" name="test_emoji_upload_by_member" time="0.806" /><testcase classname="backend.tests.test_guest_and_emojis" name="test_emoji_duplicate_name_in_same_server" time="0.742" /><testcase classname="backend.tests.test_guest_and_emojis" name="test_emoji_upload_size_limit_exceeded" time="0.792" /><testcase classname="backend.tests.test_guest_and_emojis" name="test_emoji_upload_by_non_member" time="1.366" /><testcase classname="backend.tests.test_guest_and_emojis" name="test_list_server_emojis" time="0.786" /><testcase classname="backend.tests.test_guest_and_emojis" name="test_list_my_emojis_only_from_member_servers" time="2.144" /><testcase classname="backend.tests.test_guest_and_emojis" name="test_emoji_delete_by_uploader" time="0.755" /><testcase classname="backend.tests.test_guest_and_emojis" name="test_emoji_delete_by_server_owner" time="2.743" /><testcase classname="backend.tests.test_guest_and_emojis" name="test_emoji_delete_by_random_member_forbidden" time="1.636" /><testcase classname="backend.tests.test_guest_and_emojis" name="test_emoji_image_bytes" time="0.774" /><testcase classname="backend.tests.test_guest_and_emojis" name="test_regression_core_endpoints" time="1.428" /></testsuite></testsuites>