<?xml version="1.0" encoding="utf-8"?><testsuites name="pytest tests"><testsuite name="pytest" errors="0" failures="0" skipped="0" tests="8" time="39.266" timestamp="2026-05-01T18:38:59.529711+00:00" hostname="agent-env-e2a935e2-0f11-4b4b-a488-71d6941800c2"><testcase classname="backend.tests.test_iter6_attachments_smoke" name="test_upload_image_png_200kb" time="3.565" /><testcase classname="backend.tests.test_iter6_attachments_smoke" name="test_upload_video_mp4_1mb" time="12.364" /><testcase classname="backend.tests.test_iter6_attachments_smoke" name="test_upload_pdf" time="2.005" /><testcase classname="backend.tests.test_iter6_attachments_smoke" name="test_channel_message_with_attachment_id" time="3.406" /><testcase classname="backend.tests.test_iter6_attachments_smoke" name="test_dm_with_attachment_id" time="3.009" /><testcase classname="backend.tests.test_iter6_attachments_smoke" name="test_profile_patch_smoke" time="1.998" /><testcase classname="backend.tests.test_iter6_attachments_smoke" name="test_emoji_upload_smoke" time="2.096" /><testcase classname="backend.tests.test_iter6_attachments_smoke" name="test_signal_endpoint_smoke" time="5.889" /></testsuite></testsuites>