<?xml version="1.0" encoding="utf-8"?><testsuites name="pytest tests"><testsuite name="pytest" errors="0" failures="0" skipped="0" tests="40" time="107.840" timestamp="2026-05-01T17:09:00.689364+00:00" hostname="agent-env-e2a935e2-0f11-4b4b-a488-71d6941800c2"><testcase classname="tests.test_calls_signaling" name="test_signal_offer_stored_and_retrievable_with_from_user" time="3.233" /><testcase classname="tests.test_calls_signaling" name="test_signal_answer_retrievable_by_recipient" time="3.475" /><testcase classname="tests.test_calls_signaling" name="test_signal_candidate_retrievable" time="3.398" /><testcase classname="tests.test_calls_signaling" name="test_signal_hangup_retrievable" time="5.684" /><testcase classname="tests.test_calls_signaling" name="test_signals_sorted_by_created_at" time="2.755" /><testcase classname="tests.test_calls_signaling" name="test_signal_to_nonexistent_user_returns_404" time="0.800" /><testcase classname="tests.test_calls_signaling" name="test_signals_scoped_per_recipient" time="4.146" /><testcase classname="tests.test_calls_signaling" name="test_post_signal_unauthorized" time="0.696" /><testcase classname="tests.test_calls_signaling" name="test_get_signals_unauthorized" time="1.326" /><testcase classname="tests.test_cipher_backend" name="test_health" time="0.491" /><testcase classname="tests.test_cipher_backend" name="test_register_and_me" time="0.716" /><testcase classname="tests.test_cipher_backend" name="test_register_duplicate_email" time="0.853" /><testcase classname="tests.test_cipher_backend" name="test_login_success_and_invalid" time="2.203" /><testcase classname="tests.test_cipher_backend" name="test_me_unauthorized" time="1.006" /><testcase classname="tests.test_cipher_backend" name="test_logout" time="1.682" /><testcase classname="tests.test_cipher_backend" name="test_2fa_setup_verify_and_login_flow" time="3.864" /><testcase classname="tests.test_cipher_backend" name="test_sessions" time="0.638" /><testcase classname="tests.test_cipher_backend" name="test_user_search_excludes_self" time="0.736" /><testcase classname="tests.test_cipher_backend" name="test_servers_channels_messages_flow" time="2.074" /><testcase classname="tests.test_cipher_backend" name="test_dms_flow" time="3.539" /><testcase classname="tests.test_cipher_backend" name="test_file_upload_and_download" time="1.454" /><testcase classname="tests.test_cipher_backend" name="test_unauthorized_endpoints" time="1.265" /><testcase classname="tests.test_guest_and_emojis" name="test_guest_register_returns_user_and_token" time="1.304" /><testcase classname="tests.test_guest_and_emojis" name="test_guest_login_correct_recovery_code" time="2.725" /><testcase classname="tests.test_guest_and_emojis" name="test_guest_login_wrong_recovery_code" time="3.601" /><testcase classname="tests.test_guest_and_emojis" name="test_guest_login_non_guest_user" time="2.284" /><testcase classname="tests.test_guest_and_emojis" name="test_upgrade_guest_to_permanent" time="6.507" /><testcase classname="tests.test_guest_and_emojis" name="test_upgrade_non_guest_rejected" time="3.448" /><testcase classname="tests.test_guest_and_emojis" name="test_upgrade_duplicate_email" time="2.669" /><testcase classname="tests.test_guest_and_emojis" name="test_emoji_upload_by_member" time="1.838" /><testcase classname="tests.test_guest_and_emojis" name="test_emoji_duplicate_name_in_same_server" time="3.892" /><testcase classname="tests.test_guest_and_emojis" name="test_emoji_upload_size_limit_exceeded" time="2.078" /><testcase classname="tests.test_guest_and_emojis" name="test_emoji_upload_by_non_member" time="4.891" /><testcase classname="tests.test_guest_and_emojis" name="test_list_server_emojis" time="3.730" /><testcase classname="tests.test_guest_and_emojis" name="test_list_my_emojis_only_from_member_servers" time="4.494" /><testcase classname="tests.test_guest_and_emojis" name="test_emoji_delete_by_uploader" time="1.717" /><testcase classname="tests.test_guest_and_emojis" name="test_emoji_delete_by_server_owner" time="5.418" /><testcase classname="tests.test_guest_and_emojis" name="test_emoji_delete_by_random_member_forbidden" time="3.243" /><testcase classname="tests.test_guest_and_emojis" name="test_emoji_image_bytes" time="2.528" /><testcase classname="tests.test_guest_and_emojis" name="test_regression_core_endpoints" time="4.701" /></testsuite></testsuites>