<?xml version="1.0" encoding="utf-8"?><testsuites name="pytest tests"><testsuite name="pytest" errors="0" failures="0" skipped="0" tests="15" time="16.909" timestamp="2026-06-15T18:30:45.013771+00:00" hostname="agent-env-e2a935e2-0f11-4b4b-a488-71d6941800c2"><testcase classname="backend.tests.test_iter7_dm_actions.TestAuthNoRSA" name="test_register_no_rsa_fields" time="0.583" /><testcase classname="backend.tests.test_iter7_dm_actions.TestAuthNoRSA" name="test_login_admin_seeded" time="0.703" /><testcase classname="backend.tests.test_iter7_dm_actions.TestAuthNoRSA" name="test_guest_register" time="0.934" /><testcase classname="backend.tests.test_iter7_dm_actions.TestDMCore" name="test_send_dm_returns_new_fields" time="0.928" /><testcase classname="backend.tests.test_iter7_dm_actions.TestDMCore" name="test_get_dms_persists_fields" time="1.117" /><testcase classname="backend.tests.test_iter7_dm_actions.TestDMEdit" name="test_edit_own_message_sets_edited_at" time="1.012" /><testcase classname="backend.tests.test_iter7_dm_actions.TestDMEdit" name="test_edit_non_owner_403" time="1.003" /><testcase classname="backend.tests.test_iter7_dm_actions.TestDMEdit" name="test_edit_deleted_message_400" time="0.994" /><testcase classname="backend.tests.test_iter7_dm_actions.TestDMEdit" name="test_edit_attachment_message_400" time="0.976" /><testcase classname="backend.tests.test_iter7_dm_actions.TestDMDelete" name="test_delete_own_sets_deleted_at_and_clears_content" time="1.029" /><testcase classname="backend.tests.test_iter7_dm_actions.TestDMDelete" name="test_delete_non_owner_403" time="1.004" /><testcase classname="backend.tests.test_iter7_dm_actions.TestDMDelete" name="test_conversation_list_preview_deleted" time="1.075" /><testcase classname="backend.tests.test_iter7_dm_actions.TestDMReactions" name="test_toggle_reaction_add_then_remove" time="2.153" /><testcase classname="backend.tests.test_iter7_dm_actions.TestDMReactions" name="test_reaction_non_participant_403" time="1.409" /><testcase classname="backend.tests.test_iter7_dm_actions.TestDMReactions" name="test_reaction_on_deleted_400" time="1.521" /></testsuite></testsuites>