<?xml version="1.0" encoding="utf-8"?><testsuites name="pytest tests"><testsuite name="pytest" errors="0" failures="0" skipped="0" tests="13" time="39.841" timestamp="2026-04-30T04:05:32.343360+00:00" hostname="agent-env-e2a935e2-0f11-4b4b-a488-71d6941800c2"><testcase classname="backend.tests.test_cipher_backend" name="test_health" time="3.764" /><testcase classname="backend.tests.test_cipher_backend" name="test_register_and_me" time="1.925" /><testcase classname="backend.tests.test_cipher_backend" name="test_register_duplicate_email" time="2.034" /><testcase classname="backend.tests.test_cipher_backend" name="test_login_success_and_invalid" time="5.697" /><testcase classname="backend.tests.test_cipher_backend" name="test_me_unauthorized" time="0.237" /><testcase classname="backend.tests.test_cipher_backend" name="test_logout" time="1.249" /><testcase classname="backend.tests.test_cipher_backend" name="test_2fa_setup_verify_and_login_flow" time="3.616" /><testcase classname="backend.tests.test_cipher_backend" name="test_sessions" time="1.885" /><testcase classname="backend.tests.test_cipher_backend" name="test_user_search_excludes_self" time="3.560" /><testcase classname="backend.tests.test_cipher_backend" name="test_servers_channels_messages_flow" time="3.693" /><testcase classname="backend.tests.test_cipher_backend" name="test_dms_flow" time="4.029" /><testcase classname="backend.tests.test_cipher_backend" name="test_file_upload_and_download" time="3.606" /><testcase classname="backend.tests.test_cipher_backend" name="test_unauthorized_endpoints" time="1.696" /></testsuite></testsuites>